<?xml version="1.0" encoding="UTF-8"?>
<Site BuildName="Linux-g++"
	BuildStamp="20241104-1804-Experimental"
	Name="henry-excaliburg770"
	Generator="ctest-3.30.3"
	CompilerName="/usr/bin/g++"
	CompilerVersion="14.2.1"
	OSName="Linux"
	Hostname="henry-excaliburg770"
	OSRelease="6.10.13-3-MANJARO"
	OSVersion="#1 SMP PREEMPT_DYNAMIC Tue Oct  8 03:24:49 UTC 2024"
	OSPlatform="x86_64"
	Is64Bits="1"
	VendorString="GenuineIntel"
	VendorID="Intel Corporation"
	FamilyID="6"
	ModelID="165"
	ProcessorCacheSize="8192"
	NumberOfLogicalCPU="8"
	NumberOfPhysicalCPU="4"
	TotalVirtualMemory="0"
	TotalPhysicalMemory="15860"
	LogicalProcessorsPerPhysical="2"
	ProcessorClockFrequency="4005.51"
	>
	<Testing>
		<StartDateTime>Nov 04 23:48 +03</StartDateTime>
		<StartTestTime>1730753307</StartTestTime>
		<TestList/>
		<EndDateTime>Nov 04 23:48 +03</EndDateTime>
		<EndTestTime>1730753307</EndTestTime>
		<ElapsedMinutes>0</ElapsedMinutes>
	</Testing>
</Site>
